Arguments: 
  C:\Program Files\nodejs\node.exe C:\Program Files\nodejs\node_modules\yarn\bin\yarn.js add @angular/common/http

PATH: 
  C:\Users\willi\AppData\Local\oh-my-posh;C:\Python310\Scripts\;C:\Python310\;C:\Windows\system32;C:\Windows;C:\Windows\System32\Wbem;C:\Windows\System32\WindowsPowerShell\v1.0\;C:\Windows\System32\OpenSSH\;C:\ProgramData\chocolatey\bin;C:\Program Files\Git\cmd;C:\ProgramData\nvm;C:\Program Files\nodejs;C:\Program Files\OpenJDK\openjdk-11.0.14.1_1\bin;C:\Program Files (x86)\Yarn\bin\;C:\Program Files\Docker\Docker\resources\bin;C:\ProgramData\DockerDesktop\version-bin;C:\Users\willi\AppData\Local\Microsoft\WindowsApps;C:\Users\willi\AppData\Local\Programs\Microsoft VS Code\bin;C:\Users\willi\AppData\Local\Yarn\bin;C:\Users\willi\AppData\Local\Android\Sdk\emulator;C:\Users\willi\AppData\Local\Android\Sdk\tools;C:\Users\willi\AppData\Local\Android\Sdk\tools\bin;C:\Users\willi\AppData\Local\Android\Sdk\platform-tools;C:\OpenCV\build\x64\vc12\bin;C:\Python310;

Yarn version: 
  1.22.18

Node version: 
  16.14.2

Platform: 
  win32 x64

Trace: 
  Error: https://registry.yarnpkg.com/@angular%2fcommon/http: Request "https://registry.yarnpkg.com/@angular%2fcommon/http" returned a 405
      at Request.params.callback [as _callback] (C:\ProgramData\nvm\v16.14.2\node_modules\yarn\lib\cli.js:66147:18)
      at Request.self.callback (C:\ProgramData\nvm\v16.14.2\node_modules\yarn\lib\cli.js:140883:22)
      at Request.emit (node:events:526:28)
      at Request.<anonymous> (C:\ProgramData\nvm\v16.14.2\node_modules\yarn\lib\cli.js:141855:10)
      at Request.emit (node:events:526:28)
      at IncomingMessage.<anonymous> (C:\ProgramData\nvm\v16.14.2\node_modules\yarn\lib\cli.js:141777:12)
      at Object.onceWrapper (node:events:645:28)
      at IncomingMessage.emit (node:events:538:35)
      at endReadableNT (node:internal/streams/readable:1345:12)
      at processTicksAndRejections (node:internal/process/task_queues:83:21)

npm manifest: 
  {
    "name": "nestjs-prisma-querybuilder-interface",
    "version": "1.0.0",
    "description": "Frontend interface to nestjs-prisma-querybuilder",
    "main": "dist/index.js",
    "types": "./dist/index.d.ts",
    "keywords": [
      "query",
      "querybuilder",
      "prisma",
      "nest",
      "nestjs-prisma-querybuilder",
      "nestjs-querybuilder",
      "prisma-querybuilder",
      "interface",
      "qs"
    ],
    "files": [
      "dist/**/*",
      "*.md"
    ],
    "scripts": {
      "test": "echo \"Error: no test specified\" && exit 1",
      "build": "tsc",
      "prepare": "npm run build"
    },
    "repository": {
      "type": "git",
      "url": "git@github.com:Willian-Rodrigues/nestjs-prisma-querybuilder-interface.git"
    },
    "author": "Will",
    "license": "ISC",
    "dependencies": {
      "@types/qs": "^6.9.7",
      "qs": "^6.10.3"
    },
    "devDependencies": {
      "typescript": "^4.6.4"
    }
  }

yarn manifest: 
  No manifest

Lockfile: 
  No lockfile
